<?xml version="1.0" encoding="UTF-8"?>
<testsuite xmlns:xsi="http://www.w3.org/2001/XMLSchema-instance" xsi:noNamespaceSchemaLocation="https://maven.apache.org/surefire/maven-surefire-plugin/xsd/surefire-test-report-3.0.xsd" version="3.0" name="TradingViewTest" time="13.971" tests="1" errors="0" skipped="0" failures="0">
  <properties>
    <property name="java.specification.version" value="21"/>
    <property name="sun.jnu.encoding" value="UTF-8"/>
    <property name="java.class.path" value="/Users/serhii/Documents/Projects/InvestHelper/target/test-classes:/Users/serhii/Documents/Projects/InvestHelper/target/classes:/Users/serhii/.m2/repository/com/codeborne/selenide/7.0.3/selenide-7.0.3.jar:/Users/serhii/.m2/repository/org/slf4j/slf4j-api/2.0.9/slf4j-api-2.0.9.jar:/Users/serhii/.m2/repository/com/codeborne/selenide-core/7.0.3/selenide-core-7.0.3.jar:/Users/serhii/.m2/repository/com/google/guava/guava/32.1.3-jre/guava-32.1.3-jre.jar:/Users/serhii/.m2/repository/com/google/guava/failureaccess/1.0.1/failureaccess-1.0.1.jar:/Users/serhii/.m2/repository/com/google/guava/listenablefuture/9999.0-empty-to-avoid-conflict-with-guava/listenablefuture-9999.0-empty-to-avoid-conflict-with-guava.jar:/Users/serhii/.m2/repository/com/google/code/findbugs/jsr305/3.0.2/jsr305-3.0.2.jar:/Users/serhii/.m2/repository/org/checkerframework/checker-qual/3.37.0/checker-qual-3.37.0.jar:/Users/serhii/.m2/repository/com/google/errorprone/error_prone_annotations/2.21.1/error_prone_annotations-2.21.1.jar:/Users/serhii/.m2/repository/com/google/j2objc/j2objc-annotations/2.8/j2objc-annotations-2.8.jar:/Users/serhii/.m2/repository/org/apache/commons/commons-lang3/3.14.0/commons-lang3-3.14.0.jar:/Users/serhii/.m2/repository/commons-io/commons-io/2.15.0/commons-io-2.15.0.jar:/Users/serhii/.m2/repository/org/seleniumhq/selenium/selenium-java/4.16.1/selenium-java-4.16.1.jar:/Users/serhii/.m2/repository/org/seleniumhq/selenium/selenium-chrome-driver/4.16.1/selenium-chrome-driver-4.16.1.jar:/Users/serhii/.m2/repository/com/google/auto/service/auto-service-annotations/1.1.1/auto-service-annotations-1.1.1.jar:/Users/serhii/.m2/repository/org/seleniumhq/selenium/selenium-chromium-driver/4.16.1/selenium-chromium-driver-4.16.1.jar:/Users/serhii/.m2/repository/org/seleniumhq/selenium/selenium-json/4.16.1/selenium-json-4.16.1.jar:/Users/serhii/.m2/repository/org/seleniumhq/selenium/selenium-manager/4.16.1/selenium-manager-4.16.1.jar:/Users/serhii/.m2/repository/org/seleniumhq/selenium/selenium-devtools-v118/4.16.1/selenium-devtools-v118-4.16.1.jar:/Users/serhii/.m2/repository/org/seleniumhq/selenium/selenium-devtools-v119/4.16.1/selenium-devtools-v119-4.16.1.jar:/Users/serhii/.m2/repository/org/seleniumhq/selenium/selenium-devtools-v120/4.16.1/selenium-devtools-v120-4.16.1.jar:/Users/serhii/.m2/repository/org/seleniumhq/selenium/selenium-devtools-v85/4.16.1/selenium-devtools-v85-4.16.1.jar:/Users/serhii/.m2/repository/org/seleniumhq/selenium/selenium-edge-driver/4.16.1/selenium-edge-driver-4.16.1.jar:/Users/serhii/.m2/repository/org/seleniumhq/selenium/selenium-firefox-driver/4.16.1/selenium-firefox-driver-4.16.1.jar:/Users/serhii/.m2/repository/org/seleniumhq/selenium/selenium-http/4.16.1/selenium-http-4.16.1.jar:/Users/serhii/.m2/repository/dev/failsafe/failsafe/3.3.2/failsafe-3.3.2.jar:/Users/serhii/.m2/repository/org/seleniumhq/selenium/selenium-ie-driver/4.16.1/selenium-ie-driver-4.16.1.jar:/Users/serhii/.m2/repository/org/seleniumhq/selenium/selenium-remote-driver/4.16.1/selenium-remote-driver-4.16.1.jar:/Users/serhii/.m2/repository/io/opentelemetry/opentelemetry-api/1.28.0/opentelemetry-api-1.28.0.jar:/Users/serhii/.m2/repository/io/opentelemetry/opentelemetry-context/1.28.0/opentelemetry-context-1.28.0.jar:/Users/serhii/.m2/repository/io/opentelemetry/opentelemetry-exporter-logging/1.28.0/opentelemetry-exporter-logging-1.28.0.jar:/Users/serhii/.m2/repository/io/opentelemetry/opentelemetry-sdk-metrics/1.28.0/opentelemetry-sdk-metrics-1.28.0.jar:/Users/serhii/.m2/repository/io/opentelemetry/opentelemetry-extension-incubator/1.28.0-alpha/opentelemetry-extension-incubator-1.28.0-alpha.jar:/Users/serhii/.m2/repository/io/opentelemetry/opentelemetry-sdk-logs/1.28.0/opentelemetry-sdk-logs-1.28.0.jar:/Users/serhii/.m2/repository/io/opentelemetry/opentelemetry-sdk-common/1.28.0/opentelemetry-sdk-common-1.28.0.jar:/Users/serhii/.m2/repository/io/opentelemetry/opentelemetry-sdk-extension-autoconfigure-spi/1.28.0/opentelemetry-sdk-extension-autoconfigure-spi-1.28.0.jar:/Users/serhii/.m2/repository/io/opentelemetry/opentelemetry-sdk-extension-autoconfigure/1.28.0/opentelemetry-sdk-extension-autoconfigure-1.28.0.jar:/Users/serhii/.m2/repository/io/opentelemetry/opentelemetry-api-events/1.28.0-alpha/opentelemetry-api-events-1.28.0-alpha.jar:/Users/serhii/.m2/repository/io/opentelemetry/opentelemetry-sdk-trace/1.28.0/opentelemetry-sdk-trace-1.28.0.jar:/Users/serhii/.m2/repository/io/opentelemetry/opentelemetry-sdk/1.28.0/opentelemetry-sdk-1.28.0.jar:/Users/serhii/.m2/repository/io/opentelemetry/opentelemetry-semconv/1.28.0-alpha/opentelemetry-semconv-1.28.0-alpha.jar:/Users/serhii/.m2/repository/net/bytebuddy/byte-buddy/1.14.5/byte-buddy-1.14.5.jar:/Users/serhii/.m2/repository/org/seleniumhq/selenium/selenium-os/4.16.1/selenium-os-4.16.1.jar:/Users/serhii/.m2/repository/org/apache/commons/commons-exec/1.3/commons-exec-1.3.jar:/Users/serhii/.m2/repository/org/seleniumhq/selenium/selenium-safari-driver/4.16.1/selenium-safari-driver-4.16.1.jar:/Users/serhii/.m2/repository/org/seleniumhq/selenium/selenium-support/4.16.1/selenium-support-4.16.1.jar:/Users/serhii/.m2/repository/org/seleniumhq/selenium/selenium-api/4.16.1/selenium-api-4.16.1.jar:/Users/serhii/.m2/repository/org/junit/jupiter/junit-jupiter-api/5.10.1/junit-jupiter-api-5.10.1.jar:/Users/serhii/.m2/repository/org/opentest4j/opentest4j/1.3.0/opentest4j-1.3.0.jar:/Users/serhii/.m2/repository/org/junit/platform/junit-platform-commons/1.10.1/junit-platform-commons-1.10.1.jar:/Users/serhii/.m2/repository/org/apiguardian/apiguardian-api/1.1.2/apiguardian-api-1.1.2.jar:/Users/serhii/.m2/repository/io/github/bonigarcia/webdrivermanager/5.5.3/webdrivermanager-5.5.3.jar:/Users/serhii/.m2/repository/com/google/code/gson/gson/2.10.1/gson-2.10.1.jar:/Users/serhii/.m2/repository/com/github/docker-java/docker-java/3.3.3/docker-java-3.3.3.jar:/Users/serhii/.m2/repository/com/github/docker-java/docker-java-core/3.3.3/docker-java-core-3.3.3.jar:/Users/serhii/.m2/repository/com/github/docker-java/docker-java-api/3.3.3/docker-java-api-3.3.3.jar:/Users/serhii/.m2/repository/com/fasterxml/jackson/core/jackson-annotations/2.10.3/jackson-annotations-2.10.3.jar:/Users/serhii/.m2/repository/org/apache/commons/commons-compress/1.21/commons-compress-1.21.jar:/Users/serhii/.m2/repository/com/fasterxml/jackson/core/jackson-databind/2.10.3/jackson-databind-2.10.3.jar:/Users/serhii/.m2/repository/com/fasterxml/jackson/core/jackson-core/2.10.3/jackson-core-2.10.3.jar:/Users/serhii/.m2/repository/org/bouncycastle/bcpkix-jdk18on/1.75/bcpkix-jdk18on-1.75.jar:/Users/serhii/.m2/repository/org/bouncycastle/bcprov-jdk18on/1.75/bcprov-jdk18on-1.75.jar:/Users/serhii/.m2/repository/org/bouncycastle/bcutil-jdk18on/1.75/bcutil-jdk18on-1.75.jar:/Users/serhii/.m2/repository/org/slf4j/jcl-over-slf4j/1.7.30/jcl-over-slf4j-1.7.30.jar:/Users/serhii/.m2/repository/com/github/docker-java/docker-java-transport-httpclient5/3.3.3/docker-java-transport-httpclient5-3.3.3.jar:/Users/serhii/.m2/repository/com/github/docker-java/docker-java-transport/3.3.3/docker-java-transport-3.3.3.jar:/Users/serhii/.m2/repository/net/java/dev/jna/jna/5.12.1/jna-5.12.1.jar:/Users/serhii/.m2/repository/org/brotli/dec/0.1.2/dec-0.1.2.jar:/Users/serhii/.m2/repository/org/apache/httpcomponents/client5/httpclient5/5.2.1/httpclient5-5.2.1.jar:/Users/serhii/.m2/repository/org/apache/httpcomponents/core5/httpcore5/5.2/httpcore5-5.2.jar:/Users/serhii/.m2/repository/org/apache/httpcomponents/core5/httpcore5-h2/5.2/httpcore5-h2-5.2.jar:/Users/serhii/.m2/repository/org/apache/logging/log4j/log4j-core/2.20.0/log4j-core-2.20.0.jar:/Users/serhii/.m2/repository/org/apache/logging/log4j/log4j-api/2.20.0/log4j-api-2.20.0.jar:/Users/serhii/.m2/repository/org/projectlombok/lombok/1.18.30/lombok-1.18.30.jar:"/>
    <property name="java.vm.vendor" value="Oracle Corporation"/>
    <property name="sun.arch.data.model" value="64"/>
    <property name="java.vendor.url" value="https://java.oracle.com/"/>
    <property name="user.timezone" value="Europe/Warsaw"/>
    <property name="os.name" value="Mac OS X"/>
    <property name="java.vm.specification.version" value="21"/>
    <property name="sun.java.launcher" value="SUN_STANDARD"/>
    <property name="user.country" value="PL"/>
    <property name="sun.boot.library.path" value="/Users/serhii/Library/Java/JavaVirtualMachines/openjdk-21.0.1/Contents/Home/lib"/>
    <property name="sun.java.command" value="/Users/serhii/Documents/Projects/InvestHelper/target/surefire/surefirebooter7571239305403251064.jar /Users/serhii/Documents/Projects/InvestHelper/target/surefire 2023-12-13T12-07-19_818-jvmRun1 surefire3349555766493919277tmp surefire_06818734213823995311tmp"/>
    <property name="http.nonProxyHosts" value="local|*.local|169.254/16|*.169.254/16"/>
    <property name="jdk.debug" value="release"/>
    <property name="surefire.test.class.path" value="/Users/serhii/Documents/Projects/InvestHelper/target/test-classes:/Users/serhii/Documents/Projects/InvestHelper/target/classes:/Users/serhii/.m2/repository/com/codeborne/selenide/7.0.3/selenide-7.0.3.jar:/Users/serhii/.m2/repository/org/slf4j/slf4j-api/2.0.9/slf4j-api-2.0.9.jar:/Users/serhii/.m2/repository/com/codeborne/selenide-core/7.0.3/selenide-core-7.0.3.jar:/Users/serhii/.m2/repository/com/google/guava/guava/32.1.3-jre/guava-32.1.3-jre.jar:/Users/serhii/.m2/repository/com/google/guava/failureaccess/1.0.1/failureaccess-1.0.1.jar:/Users/serhii/.m2/repository/com/google/guava/listenablefuture/9999.0-empty-to-avoid-conflict-with-guava/listenablefuture-9999.0-empty-to-avoid-conflict-with-guava.jar:/Users/serhii/.m2/repository/com/google/code/findbugs/jsr305/3.0.2/jsr305-3.0.2.jar:/Users/serhii/.m2/repository/org/checkerframework/checker-qual/3.37.0/checker-qual-3.37.0.jar:/Users/serhii/.m2/repository/com/google/errorprone/error_prone_annotations/2.21.1/error_prone_annotations-2.21.1.jar:/Users/serhii/.m2/repository/com/google/j2objc/j2objc-annotations/2.8/j2objc-annotations-2.8.jar:/Users/serhii/.m2/repository/org/apache/commons/commons-lang3/3.14.0/commons-lang3-3.14.0.jar:/Users/serhii/.m2/repository/commons-io/commons-io/2.15.0/commons-io-2.15.0.jar:/Users/serhii/.m2/repository/org/seleniumhq/selenium/selenium-java/4.16.1/selenium-java-4.16.1.jar:/Users/serhii/.m2/repository/org/seleniumhq/selenium/selenium-chrome-driver/4.16.1/selenium-chrome-driver-4.16.1.jar:/Users/serhii/.m2/repository/com/google/auto/service/auto-service-annotations/1.1.1/auto-service-annotations-1.1.1.jar:/Users/serhii/.m2/repository/org/seleniumhq/selenium/selenium-chromium-driver/4.16.1/selenium-chromium-driver-4.16.1.jar:/Users/serhii/.m2/repository/org/seleniumhq/selenium/selenium-json/4.16.1/selenium-json-4.16.1.jar:/Users/serhii/.m2/repository/org/seleniumhq/selenium/selenium-manager/4.16.1/selenium-manager-4.16.1.jar:/Users/serhii/.m2/repository/org/seleniumhq/selenium/selenium-devtools-v118/4.16.1/selenium-devtools-v118-4.16.1.jar:/Users/serhii/.m2/repository/org/seleniumhq/selenium/selenium-devtools-v119/4.16.1/selenium-devtools-v119-4.16.1.jar:/Users/serhii/.m2/repository/org/seleniumhq/selenium/selenium-devtools-v120/4.16.1/selenium-devtools-v120-4.16.1.jar:/Users/serhii/.m2/repository/org/seleniumhq/selenium/selenium-devtools-v85/4.16.1/selenium-devtools-v85-4.16.1.jar:/Users/serhii/.m2/repository/org/seleniumhq/selenium/selenium-edge-driver/4.16.1/selenium-edge-driver-4.16.1.jar:/Users/serhii/.m2/repository/org/seleniumhq/selenium/selenium-firefox-driver/4.16.1/selenium-firefox-driver-4.16.1.jar:/Users/serhii/.m2/repository/org/seleniumhq/selenium/selenium-http/4.16.1/selenium-http-4.16.1.jar:/Users/serhii/.m2/repository/dev/failsafe/failsafe/3.3.2/failsafe-3.3.2.jar:/Users/serhii/.m2/repository/org/seleniumhq/selenium/selenium-ie-driver/4.16.1/selenium-ie-driver-4.16.1.jar:/Users/serhii/.m2/repository/org/seleniumhq/selenium/selenium-remote-driver/4.16.1/selenium-remote-driver-4.16.1.jar:/Users/serhii/.m2/repository/io/opentelemetry/opentelemetry-api/1.28.0/opentelemetry-api-1.28.0.jar:/Users/serhii/.m2/repository/io/opentelemetry/opentelemetry-context/1.28.0/opentelemetry-context-1.28.0.jar:/Users/serhii/.m2/repository/io/opentelemetry/opentelemetry-exporter-logging/1.28.0/opentelemetry-exporter-logging-1.28.0.jar:/Users/serhii/.m2/repository/io/opentelemetry/opentelemetry-sdk-metrics/1.28.0/opentelemetry-sdk-metrics-1.28.0.jar:/Users/serhii/.m2/repository/io/opentelemetry/opentelemetry-extension-incubator/1.28.0-alpha/opentelemetry-extension-incubator-1.28.0-alpha.jar:/Users/serhii/.m2/repository/io/opentelemetry/opentelemetry-sdk-logs/1.28.0/opentelemetry-sdk-logs-1.28.0.jar:/Users/serhii/.m2/repository/io/opentelemetry/opentelemetry-sdk-common/1.28.0/opentelemetry-sdk-common-1.28.0.jar:/Users/serhii/.m2/repository/io/opentelemetry/opentelemetry-sdk-extension-autoconfigure-spi/1.28.0/opentelemetry-sdk-extension-autoconfigure-spi-1.28.0.jar:/Users/serhii/.m2/repository/io/opentelemetry/opentelemetry-sdk-extension-autoconfigure/1.28.0/opentelemetry-sdk-extension-autoconfigure-1.28.0.jar:/Users/serhii/.m2/repository/io/opentelemetry/opentelemetry-api-events/1.28.0-alpha/opentelemetry-api-events-1.28.0-alpha.jar:/Users/serhii/.m2/repository/io/opentelemetry/opentelemetry-sdk-trace/1.28.0/opentelemetry-sdk-trace-1.28.0.jar:/Users/serhii/.m2/repository/io/opentelemetry/opentelemetry-sdk/1.28.0/opentelemetry-sdk-1.28.0.jar:/Users/serhii/.m2/repository/io/opentelemetry/opentelemetry-semconv/1.28.0-alpha/opentelemetry-semconv-1.28.0-alpha.jar:/Users/serhii/.m2/repository/net/bytebuddy/byte-buddy/1.14.5/byte-buddy-1.14.5.jar:/Users/serhii/.m2/repository/org/seleniumhq/selenium/selenium-os/4.16.1/selenium-os-4.16.1.jar:/Users/serhii/.m2/repository/org/apache/commons/commons-exec/1.3/commons-exec-1.3.jar:/Users/serhii/.m2/repository/org/seleniumhq/selenium/selenium-safari-driver/4.16.1/selenium-safari-driver-4.16.1.jar:/Users/serhii/.m2/repository/org/seleniumhq/selenium/selenium-support/4.16.1/selenium-support-4.16.1.jar:/Users/serhii/.m2/repository/org/seleniumhq/selenium/selenium-api/4.16.1/selenium-api-4.16.1.jar:/Users/serhii/.m2/repository/org/junit/jupiter/junit-jupiter-api/5.10.1/junit-jupiter-api-5.10.1.jar:/Users/serhii/.m2/repository/org/opentest4j/opentest4j/1.3.0/opentest4j-1.3.0.jar:/Users/serhii/.m2/repository/org/junit/platform/junit-platform-commons/1.10.1/junit-platform-commons-1.10.1.jar:/Users/serhii/.m2/repository/org/apiguardian/apiguardian-api/1.1.2/apiguardian-api-1.1.2.jar:/Users/serhii/.m2/repository/io/github/bonigarcia/webdrivermanager/5.5.3/webdrivermanager-5.5.3.jar:/Users/serhii/.m2/repository/com/google/code/gson/gson/2.10.1/gson-2.10.1.jar:/Users/serhii/.m2/repository/com/github/docker-java/docker-java/3.3.3/docker-java-3.3.3.jar:/Users/serhii/.m2/repository/com/github/docker-java/docker-java-core/3.3.3/docker-java-core-3.3.3.jar:/Users/serhii/.m2/repository/com/github/docker-java/docker-java-api/3.3.3/docker-java-api-3.3.3.jar:/Users/serhii/.m2/repository/com/fasterxml/jackson/core/jackson-annotations/2.10.3/jackson-annotations-2.10.3.jar:/Users/serhii/.m2/repository/org/apache/commons/commons-compress/1.21/commons-compress-1.21.jar:/Users/serhii/.m2/repository/com/fasterxml/jackson/core/jackson-databind/2.10.3/jackson-databind-2.10.3.jar:/Users/serhii/.m2/repository/com/fasterxml/jackson/core/jackson-core/2.10.3/jackson-core-2.10.3.jar:/Users/serhii/.m2/repository/org/bouncycastle/bcpkix-jdk18on/1.75/bcpkix-jdk18on-1.75.jar:/Users/serhii/.m2/repository/org/bouncycastle/bcprov-jdk18on/1.75/bcprov-jdk18on-1.75.jar:/Users/serhii/.m2/repository/org/bouncycastle/bcutil-jdk18on/1.75/bcutil-jdk18on-1.75.jar:/Users/serhii/.m2/repository/org/slf4j/jcl-over-slf4j/1.7.30/jcl-over-slf4j-1.7.30.jar:/Users/serhii/.m2/repository/com/github/docker-java/docker-java-transport-httpclient5/3.3.3/docker-java-transport-httpclient5-3.3.3.jar:/Users/serhii/.m2/repository/com/github/docker-java/docker-java-transport/3.3.3/docker-java-transport-3.3.3.jar:/Users/serhii/.m2/repository/net/java/dev/jna/jna/5.12.1/jna-5.12.1.jar:/Users/serhii/.m2/repository/org/brotli/dec/0.1.2/dec-0.1.2.jar:/Users/serhii/.m2/repository/org/apache/httpcomponents/client5/httpclient5/5.2.1/httpclient5-5.2.1.jar:/Users/serhii/.m2/repository/org/apache/httpcomponents/core5/httpcore5/5.2/httpcore5-5.2.jar:/Users/serhii/.m2/repository/org/apache/httpcomponents/core5/httpcore5-h2/5.2/httpcore5-h2-5.2.jar:/Users/serhii/.m2/repository/org/apache/logging/log4j/log4j-core/2.20.0/log4j-core-2.20.0.jar:/Users/serhii/.m2/repository/org/apache/logging/log4j/log4j-api/2.20.0/log4j-api-2.20.0.jar:/Users/serhii/.m2/repository/org/projectlombok/lombok/1.18.30/lombok-1.18.30.jar:"/>
    <property name="sun.cpu.endian" value="little"/>
    <property name="user.home" value="/Users/serhii"/>
    <property name="user.language" value="uk"/>
    <property name="java.specification.vendor" value="Oracle Corporation"/>
    <property name="java.version.date" value="2023-10-17"/>
    <property name="java.home" value="/Users/serhii/Library/Java/JavaVirtualMachines/openjdk-21.0.1/Contents/Home"/>
    <property name="file.separator" value="/"/>
    <property name="basedir" value="/Users/serhii/Documents/Projects/InvestHelper"/>
    <property name="java.vm.compressedOopsMode" value="Zero based"/>
    <property name="line.separator" value="&#10;"/>
    <property name="java.vm.specification.vendor" value="Oracle Corporation"/>
    <property name="java.specification.name" value="Java Platform API Specification"/>
    <property name="apple.awt.application.name" value="ForkedBooter"/>
    <property name="surefire.real.class.path" value="/Users/serhii/Documents/Projects/InvestHelper/target/surefire/surefirebooter7571239305403251064.jar"/>
    <property name="sun.management.compiler" value="HotSpot 64-Bit Tiered Compilers"/>
    <property name="ftp.nonProxyHosts" value="local|*.local|169.254/16|*.169.254/16"/>
    <property name="java.runtime.version" value="21.0.1+12-29"/>
    <property name="user.name" value="serhii"/>
    <property name="stdout.encoding" value="UTF-8"/>
    <property name="path.separator" value=":"/>
    <property name="os.version" value="14.1.2"/>
    <property name="java.runtime.name" value="OpenJDK Runtime Environment"/>
    <property name="file.encoding" value="UTF-8"/>
    <property name="java.vm.name" value="OpenJDK 64-Bit Server VM"/>
    <property name="localRepository" value="/Users/serhii/.m2/repository"/>
    <property name="java.vendor.url.bug" value="https://bugreport.java.com/bugreport/"/>
    <property name="java.io.tmpdir" value="/var/folders/jt/216qyv1d56d6f1sgsmt4jyrm0000gn/T/"/>
    <property name="idea.version" value="2023.2.5"/>
    <property name="java.version" value="21.0.1"/>
    <property name="user.dir" value="/Users/serhii/Documents/Projects/InvestHelper"/>
    <property name="os.arch" value="x86_64"/>
    <property name="webdriver.gecko.driver" value="/Users/serhii/.cache/selenium/geckodriver/mac64/0.33.0/geckodriver"/>
    <property name="java.vm.specification.name" value="Java Virtual Machine Specification"/>
    <property name="native.encoding" value="UTF-8"/>
    <property name="java.library.path" value="/Users/serhii/Library/Java/Extensions:/Library/Java/Extensions:/Network/Library/Java/Extensions:/System/Library/Java/Extensions:/usr/lib/java:."/>
    <property name="java.vm.info" value="mixed mode, sharing"/>
    <property name="stderr.encoding" value="UTF-8"/>
    <property name="java.vendor" value="Oracle Corporation"/>
    <property name="java.vm.version" value="21.0.1+12-29"/>
    <property name="sun.io.unicode.encoding" value="UnicodeBig"/>
    <property name="socksNonProxyHosts" value="local|*.local|169.254/16|*.169.254/16"/>
    <property name="java.class.version" value="65.0"/>
  </properties>
  <testcase name="tc_1" classname="TradingViewTest" time="12.939">
    <system-out><![CDATA[[INFO] 12:07:22 TestHooks:47 - Global Properties defined: {BROWSER=firefox, TC_LOGGER_PROPERTIES=src/main/resources/log4j//tcLog4j2.properties, USER_PASSWORD=TestAutomation1, TESTDATA_PATH=src/test/resources/testdata/, LOG_FILE_PATH=logs/, USER_LOGIN=testforpetproject2023, PROJECT_PATH=/Users/serhii/Documents/Projects/InvestHelper/, TESTDATA_PROVIDER=properties, LOGGER_PROPERTIES=src/main/resources/log4j//log4j2.properties, LOG_FILE=logs/execution_log.log}
[INFO] 12:07:22 TestHooks:57 - Auto update webDriver started.. Browser: firefox
[INFO] 12:07:23 TestHooks:66 - FireFox webDriver checked.
[INFO] 12:07:23 TestHooks:78 - WebDriver update/check finished.
[TRACE] 12:07:23 TestHooks:97 - Logger for the test case 'Get Top Gainers Stocks for the last trading day' started.
[INFO] 12:07:23 TestHooks:161 - Test Case Data defined: {stocks_quantity=10}
[INFO] 12:07:23 TestHooks:174 - Test Case Setup started...
[INFO] 12:07:23 Setup:33 - Just custom setup for test case tc_1 started
[INFO] 12:07:23 Setup:25 - tc_1 - Setup method has been executed.
[INFO] 12:07:23 TestHooks:176 - Test Case Setup finished.
[TRACE] 12:07:23 StocksManagement:30 - Method started..
[INFO] 12:07:32 TopGainerStocksMarketsPage:68 - List of data table headers returned: [Symbol, Change %, Price, Volume, Rel Volume, Market cap, P/E, EPS dil
TTM, EPS dil growth
TTM YoY, Div yield %
TTM, Sector, Analyst Rating]
[INFO] 12:07:34 TopGainerStocksMarketsPage:101 - Data results table map returned: {1={analyst rating=Buy, symbol=CCCC
C4 Therapeutics, Inc.
D, eps dil
ttm=−2.75 USD, ticker=CCCC, rel volume=196.07, p/e=—, market cap=115.318M USD, volume=179.46M, div yield %
ttm=0.00%, eps dil growth
ttm yoy=−25.87%, change %=+98.31%, price=2.34 USD, sector=Health Technology}, 2={analyst rating=Strong buy, symbol=A
ADTX
Aditxt, Inc.
D, eps dil
ttm=−213.70 USD, ticker=ADTX, rel volume=35.32, p/e=—, market cap=2.691M USD, volume=35.6M, div yield %
ttm=0.00%, eps dil growth
ttm yoy=+92.01%, change %=+60.26%, price=6.09 USD, sector=Health Technology}, 3={analyst rating=Buy, symbol=ICVX
Icosavax, Inc.
D, eps dil
ttm=−2.22 USD, ticker=ICVX, rel volume=21.14, p/e=—, market cap=785.417M USD, volume=9.535M, div yield %
ttm=0.00%, eps dil growth
ttm yoy=−1.59%, change %=+49.48%, price=15.68 USD, sector=Health Technology}, 4={analyst rating=—, symbol=CHSN
Chanson International Holding
D, eps dil
ttm=−0.01 USD, ticker=CHSN, rel volume=1.08, p/e=—, market cap=139.759M USD, volume=2.439M, div yield %
ttm=0.00%, eps dil growth
ttm yoy=—, change %=+36.56%, price=11.28 USD, sector=Consumer Non-Durables}, 5={analyst rating=—, symbol=C
CYTO
Altamira Therapeutics Ltd.
D, eps dil
ttm=—, ticker=CYTO, rel volume=1.91, p/e=—, market cap=2.241M USD, volume=3.504M, div yield %
ttm=0.00%, eps dil growth
ttm yoy=—, change %=+34.00%, price=5.08 USD, sector=Health Technology}, 6={analyst rating=Strong buy, symbol=SGMT
Sagimet Biosciences Inc. - Series A
D, eps dil
ttm=—, ticker=SGMT, rel volume=1.93, p/e=—, market cap=103.029M USD, volume=242.462K, div yield %
ttm=0.00%, eps dil growth
ttm yoy=—, change %=+25.85%, price=4.82 USD, sector=Health Technology}, 7={analyst rating=Buy, symbol=P
PAVM
PAVmed Inc.
D, eps dil
ttm=−10.52 USD, ticker=PAVM, rel volume=3.83, p/e=—, market cap=31.156M USD, volume=312.605K, div yield %
ttm=0.00%, eps dil growth
ttm yoy=+28.63%, change %=+24.84%, price=3.87 USD, sector=Health Technology}, 8={analyst rating=—, symbol=CLIN
Clean Earth Acquisitions Corp.
D, eps dil
ttm=0.14 USD, ticker=CLIN, rel volume=3.35, p/e=40.90, market cap=96.885M USD, volume=701.554K, div yield %
ttm=0.00%, eps dil growth
ttm yoy=—, change %=+22.11%, price=5.80 USD, sector=Finance}, 9={analyst rating=Neutral, symbol=VIEW
View, Inc.
D, eps dil
ttm=−67.86 USD, ticker=VIEW, rel volume=0.52, p/e=—, market cap=9.802M USD, volume=4.605M, div yield %
ttm=0.00%, eps dil growth
ttm yoy=+0.65%, change %=+20.50%, price=2.41 USD, sector=Process Industries}, 10={analyst rating=Neutral, symbol=SST
System1, Inc.
D, eps dil
ttm=−4.79 USD, ticker=SST, rel volume=1.11, p/e=—, market cap=256.194M USD, volume=317.228K, div yield %
ttm=0.00%, eps dil growth
ttm yoy=−23.53%, change %=+20.11%, price=2.21 USD, sector=Technology Services}}
[INFO] 12:07:34 StocksManagement:51 - List of top gainers stocks returned: [Stock{ticker='CCCC', marketCap='115.318M USD', exchange='null', sector='Health Technology', analyticsRecommendation='Buy'}, Stock{ticker='ADTX', marketCap='2.691M USD', exchange='null', sector='Health Technology', analyticsRecommendation='Strong buy'}, Stock{ticker='ICVX', marketCap='785.417M USD', exchange='null', sector='Health Technology', analyticsRecommendation='Buy'}, Stock{ticker='CHSN', marketCap='139.759M USD', exchange='null', sector='Consumer Non-Durables', analyticsRecommendation='—'}, Stock{ticker='CYTO', marketCap='2.241M USD', exchange='null', sector='Health Technology', analyticsRecommendation='—'}, Stock{ticker='SGMT', marketCap='103.029M USD', exchange='null', sector='Health Technology', analyticsRecommendation='Strong buy'}, Stock{ticker='PAVM', marketCap='31.156M USD', exchange='null', sector='Health Technology', analyticsRecommendation='Buy'}, Stock{ticker='CLIN', marketCap='96.885M USD', exchange='null', sector='Finance', analyticsRecommendation='—'}, Stock{ticker='VIEW', marketCap='9.802M USD', exchange='null', sector='Process Industries', analyticsRecommendation='Neutral'}, Stock{ticker='SST', marketCap='256.194M USD', exchange='null', sector='Technology Services', analyticsRecommendation='Neutral'}]. Happy trading!
[TRACE] 12:07:34 StocksManagement:52 - Method finished..
[INFO] 12:07:34 TestHooks:192 - Test Case SetupBack started...
[INFO] 12:07:34 SetupBack:32 - Just custom setupBack for test case tc_1 started
[INFO] 12:07:34 SetupBack:24 - tc_1 - SetupBack method has been executed.
[INFO] 12:07:34 TestHooks:194 - Test Case SetupBack finished.
]]></system-out>
    <system-err><![CDATA[SLF4J: No SLF4J providers were found.
SLF4J: Defaulting to no-operation (NOP) logger implementation
SLF4J: See https://www.slf4j.org/codes.html#noProviders for further details.
]]></system-err>
  </testcase>
</testsuite>